<?xml version="1.0" encoding="UTF-8"?>
<testsuite xmlns:xsi="http://www.w3.org/2001/XMLSchema-instance" xsi:noNamespaceSchemaLocation="https://maven.apache.org/surefire/maven-surefire-plugin/xsd/surefire-test-report.xsd" name="slowikowski.MainTest" time="0.069" tests="24" errors="0" skipped="0" failures="0">
  <properties>
[...]
</properties>
  <testcase name="should_Throw_NullPointerException" classname="slowikowski.MainTest$ExceptionHandling" time="0.01"/>
  <testcase name="str2_should_be_subsequence_of_str1_2" classname="slowikowski.MainTest$TrueStatements" time="0.01"/>
  <testcase name="str2_should_be_subsequence_of_str1_3" classname="slowikowski.MainTest$TrueStatements" time="0"/>
  <testcase name="str2_withSlash_should_be_subsequence_of_str1" classname="slowikowski.MainTest$TrueStatements" time="0"/>
  <testcase name="str2_withStarAtTheEnd_should_be_subsequence_of_str1" classname="slowikowski.MainTest$TrueStatements" time="0"/>
  <testcase name="str2_withStar_should_be_subsequence_of_str1_2" classname="slowikowski.MainTest$TrueStatements" time="0"/>
  <testcase name="str2_withStar_should_be_subsequence_of_str1_3" classname="slowikowski.MainTest$TrueStatements" time="0"/>
  <testcase name="str2_withStar_should_be_subsequence_of_str1_4" classname="slowikowski.MainTest$TrueStatements" time="0"/>
  <testcase name="str2_withStar_should_be_subsequence_of_str1_5" classname="slowikowski.MainTest$TrueStatements" time="0"/>
  <testcase name="str2_withSlashAndStar_should_be_subsequence_of_str1" classname="slowikowski.MainTest$TrueStatements" time="0"/>
  <testcase name="str2_withStar_should_be_subsequence_of_str1" classname="slowikowski.MainTest$TrueStatements" time="0.01"/>
  <testcase name="str2_withSlashAndStar_should_be_subsequence_of_str1_2" classname="slowikowski.MainTest$TrueStatements" time="0"/>
  <testcase name="str2_withSlashAndStar_should_be_subsequence_of_str1_3" classname="slowikowski.MainTest$TrueStatements" time="0.001"/>
  <testcase name="str2_withSlashAndStar_should_be_subsequence_of_str1_4" classname="slowikowski.MainTest$TrueStatements" time="0"/>
  <testcase name="str2_withSlashAndStar_should_be_subsequence_of_str1_5" classname="slowikowski.MainTest$TrueStatements" time="0"/>
  <testcase name="str2_withSlashAndStar_should_be_subsequence_of_str1_6" classname="slowikowski.MainTest$TrueStatements" time="0"/>
  <testcase name="str2_should_be_subsequence_of_str1" classname="slowikowski.MainTest$TrueStatements" time="0"/>
  <testcase name="str2_withSlashAndStar_should_not_be_subsequence_of_str1_2" classname="slowikowski.MainTest$FalseStatements" time="0.002"/>
  <testcase name="str2_should_not_be_subsequence_of_str1_2" classname="slowikowski.MainTest$FalseStatements" time="0.001"/>
  <testcase name="str2_withStar_should_not_be_subsequence_of_str1" classname="slowikowski.MainTest$FalseStatements" time="0"/>
  <testcase name="str2_should_not_be_subsequence_of_str1" classname="slowikowski.MainTest$FalseStatements" time="0"/>
  <testcase name="str2_withSlashAndStar_should_not_be_subsequence_of_str1" classname="slowikowski.MainTest$FalseStatements" time="0"/>
  <testcase name="str2_withStar_should_not_be_subsequence_of_str1_2" classname="slowikowski.MainTest$FalseStatements" time="0"/>
  <testcase name="str2_withStar_should_not_be_subsequence_of_str1_3" classname="slowikowski.MainTest$FalseStatements" time="0"/>
</testsuite>